<?xml version="1.0" encoding="UTF-8"?>
<!-- Generated by org.testng.reporters.JUnitReportReporter -->
<testsuite hostname="LAPTOP-JDNDOPLP" failures="0" tests="3" name="com.qa.tests.LoginTest" time="12.539" errors="0" timestamp="2022-02-20T23:05:27 IST" skipped="0">
  <testcase classname="com.qa.tests.LoginTest" name="successfulLogin" time="3.953"/>
  <system-out/>
  <testcase classname="com.qa.tests.LoginTest" name="invalidUserName" time="3.926"/>
  <system-out/>
  <testcase classname="com.qa.tests.LoginTest" name="invalidPassword" time="4.660"/>
  <system-out/>
</testsuite> <!-- com.qa.tests.LoginTest -->
