<?xml version="1.0" encoding="UTF-8"?>
<!-- Generated by org.testng.reporters.JUnitReportReporter -->
<testsuite hostname="LAPTOP-JDNDOPLP" failures="0" tests="2" name="com.qa.tests.ScenarioTest" time="47.443" errors="0" timestamp="2022-02-21T19:23:29 IST" skipped="0">
  <testcase classname="com.qa.tests.ScenarioTest" name="scenario1" time="22.749"/>
  <system-out/>
  <testcase classname="com.qa.tests.ScenarioTest" name="scenario2" time="24.694"/>
  <system-out/>
</testsuite> <!-- com.qa.tests.ScenarioTest -->
